<?xml version="1.0" encoding="UTF-8"?>
<testsuite name="TestPackage.PrimesTest" tests="4" skipped="0" failures="0" errors="0" timestamp="2018-06-19T12:38:44" hostname="iMac-71.local" time="0.002">
  <properties/>
  <testcase name="negativeNumbersAreNotPrimes" classname="TestPackage.PrimesTest" time="0.001"/>
  <testcase name="primeNumberReturnsFalsIfValueIsNotPrime" classname="TestPackage.PrimesTest" time="0.0"/>
  <testcase name="oneIsNotAPrime" classname="TestPackage.PrimesTest" time="0.0"/>
  <testcase name="primeNumberReturnsTrueIfValueIsPrime" classname="TestPackage.PrimesTest" time="0.0"/>
  <system-out><![CDATA[]]></system-out>
  <system-err><![CDATA[]]></system-err>
</testsuite>
